  average.cpp
C:\Users\MSI\source\repos\average\Project1\average.cpp(47,11): warning C4244: '=': conversion from 'size_t' to '_Ty', possible loss of data
          with
          [
              _Ty=double
          ]
C:\Users\MSI\source\repos\average\Project1\scalability.h(19,51): warning C4244: 'return': conversion from '_Rep' to 'double', possible loss of data
          with
          [
              _Rep=__int64
          ]
C:\Users\MSI\source\repos\average\Project1\scalability.h(30,20): message : see reference to function template instantiation 'double get_time<double(__cdecl *)(const double *,size_t),double*,size_t>(F,double *,size_t)' being compiled
          with
          [
              F=double (__cdecl *)(const double *,size_t)
          ]
C:\Users\MSI\source\repos\average\Project1\average.cpp(49,14): message : see reference to function template instantiation 'scalability get_speedups<double(__cdecl *)(const double *,size_t),double*,size_t>(F,double *,size_t)' being compiled
          with
          [
              F=double (__cdecl *)(const double *,size_t)
          ]
  Project1.vcxproj -> C:\Users\MSI\source\repos\average\x64\Debug\Project1.exe
